<?xml version="1.0" encoding="UTF-8"?>
<testsuite name="NoughtsAndCrosses.GameVerifierTest" tests="4" skipped="0" failures="0" errors="0" timestamp="2019-12-23T01:30:49" hostname="CherrTop2" time="0.007">
  <properties/>
  <testcase name="checkStateWhereWinnerUndecided" classname="NoughtsAndCrosses.GameVerifierTest" time="0.003"/>
  <testcase name="checkStateWhereOWins" classname="NoughtsAndCrosses.GameVerifierTest" time="0.0"/>
  <testcase name="checkStateWhereXWins" classname="NoughtsAndCrosses.GameVerifierTest" time="0.001"/>
  <testcase name="checkStateOf4x4Board" classname="NoughtsAndCrosses.GameVerifierTest" time="0.001"/>
  <system-out><![CDATA[]]></system-out>
  <system-err><![CDATA[]]></system-err>
</testsuite>
